# Logfile created on 2012-06-10 23:22:07 +0100 by logger.rb/31641
REQUESTING PAGE: GET /et_open/feccb77b5a71c1fd57ace4f7ad72f87c7057af07 with {} and HTTP headers {}
REQUESTING PAGE: GET /et_open/ae5b357ae8dcd519758e3cdc5c6f01b2b5f4d556 with {} and HTTP headers {}
REQUESTING PAGE: GET /et_open/0e155c0a33ef5c636707b91e3f0415fe878227dd with {} and HTTP headers {}
REQUESTING PAGE: GET /et_open/e396edee372d7551183e5c0f59844c0545b9a5a9 with {} and HTTP headers {}
REQUESTING PAGE: GET /et_open/9fec37707363ca639611e4eace922626fb8132f5 with {} and HTTP headers {}
REQUESTING PAGE: GET /et_open/d1c21f9d044fcfd222bdd08a31379441d155ed5d with {} and HTTP headers {}
REQUESTING PAGE: GET /et_open/11ba9c766fd352fdb93709b892c47a2f5ae93433 with {} and HTTP headers {}
REQUESTING PAGE: GET /et_open/226d7631e74faf36cd5787eda14fa9153a57db62 with {} and HTTP headers {}
REQUESTING PAGE: GET /et_open/db4e42801a4ef8a42aad7e5d9f31045feaf235ed with {} and HTTP headers {}
REQUESTING PAGE: GET /et_open/b3ce64ccb552564e8fae559f269c39a8616bcb58 with {} and HTTP headers {}
REQUESTING PAGE: GET /et_open/c06dbb867c8edb9b2d67d6e040e4ce96c9201e07 with {} and HTTP headers {}
REQUESTING PAGE: GET /et_click/b3cff83aa6a813cfb2e1b36dcbf0a361a54e4da2 with {} and HTTP headers {}
REQUESTING PAGE: GET /et_open/49dcbd2da39d8f8f7b3514178d4fbbc3dd07a199 with {} and HTTP headers {}
REQUESTING PAGE: GET /et_click/0753e785b433993f4f245bc9fed74bc4f2d1d216 with {} and HTTP headers {}
REQUESTING PAGE: GET /et_open/689c8bc565a28768fc183219701543efc336b614 with {} and HTTP headers {}
REQUESTING PAGE: GET /et_click/41bb2ec7e8710bb2a72b463a6656d4405a645f30 with {} and HTTP headers {}
REQUESTING PAGE: GET /et_open/1a9eaa47f845c430e2a0b80f2cf0931106d92e18 with {} and HTTP headers {}
REQUESTING PAGE: GET /et_click/ee16247b38bea31f96a18039db64c53889a42e66 with {} and HTTP headers {}
REQUESTING PAGE: GET /et_open/3f19c7572a05522bb18c2e303fa58956cf0ee3a2 with {} and HTTP headers {}
REQUESTING PAGE: GET /et_click/09f4ced258298f6130e1346457f1a747a9c305e5 with {} and HTTP headers {}
REQUESTING PAGE: GET /et_open/dafc9f09159048871b80b0a733ee57769e9ba1b4 with {} and HTTP headers {}
REQUESTING PAGE: GET /et_click/34c937a26b49f649a1bc37c0ab4a096b93f86659 with {} and HTTP headers {}
REQUESTING PAGE: GET /et_open/ca45b3e13613fdcc245029ff1f361b759cd9ad60 with {} and HTTP headers {}
REQUESTING PAGE: GET /et_click/6564730831e8279cb5fdb1e70b691ad93387d22d with {} and HTTP headers {}
REQUESTING PAGE: GET http://www.example.com/foobar with {} and HTTP headers {"HTTP_REFERER"=>"/et_click/6564730831e8279cb5fdb1e70b691ad93387d22d"}
REQUESTING PAGE: GET /et_open/c9cd79ab445ab83ddf792a962edbe0c7594e5059 with {} and HTTP headers {}
REQUESTING PAGE: GET /et_click/15f932e23ec6e6fd9fde005ed4c755e4509d7651 with {} and HTTP headers {}
REQUESTING PAGE: GET http://www.example.com/foobar with {} and HTTP headers {"HTTP_REFERER"=>"/et_click/15f932e23ec6e6fd9fde005ed4c755e4509d7651"}
REQUESTING PAGE: GET /et_open/0f5319e9758fe6b704f32749c5f70e3a382e37bd with {} and HTTP headers {}
REQUESTING PAGE: GET /et_click/7275e8b78aca6a2800a6d8451c40e05aa1aa191b with {} and HTTP headers {}
REQUESTING PAGE: GET http://www.example.com/foobar with {} and HTTP headers {"HTTP_REFERER"=>"/et_click/7275e8b78aca6a2800a6d8451c40e05aa1aa191b"}
REQUESTING PAGE: GET /et_open/b6676377339d4312b6f85a832ada9a8c96e00205 with {} and HTTP headers {}
REQUESTING PAGE: GET /et_click/d18ba6065faac1bf3c488bb0fe7443854e546726 with {} and HTTP headers {}
REQUESTING PAGE: GET http://www.example.com/foobar with {} and HTTP headers {"HTTP_REFERER"=>"/et_click/d18ba6065faac1bf3c488bb0fe7443854e546726"}
REQUESTING PAGE: GET /et_open/de9f70a76739c82c807c5c60a20f9cbc0c3750b7 with {} and HTTP headers {}
REQUESTING PAGE: GET /et_click/082ba6e0bc83807a4bc09c1d4e2561679324c1a7 with {} and HTTP headers {}
REQUESTING PAGE: GET http://www.example.com/foobar with {} and HTTP headers {"HTTP_REFERER"=>"/et_click/082ba6e0bc83807a4bc09c1d4e2561679324c1a7"}
REQUESTING PAGE: GET /et_open/c971b1bd7e705ec99e58651382e69129acc5e155 with {} and HTTP headers {}
REQUESTING PAGE: GET /et_click/85e4abe1ac0132c05041631925c418ce6e1fcfc7 with {} and HTTP headers {}
REQUESTING PAGE: GET http://www.example.com/foobar with {} and HTTP headers {"HTTP_REFERER"=>"/et_click/85e4abe1ac0132c05041631925c418ce6e1fcfc7"}
REQUESTING PAGE: GET /et_open/240eb07b9d82bfbb5e5819d58ab00ff0643e2d3c with {} and HTTP headers {}
REQUESTING PAGE: GET /et_click/f9397ebd790ffb3fc167564bec06c6d484dcdbf2 with {} and HTTP headers {}
REQUESTING PAGE: GET http://www.example.com/foobar with {} and HTTP headers {"HTTP_REFERER"=>"/et_click/f9397ebd790ffb3fc167564bec06c6d484dcdbf2"}
REQUESTING PAGE: GET /et_open/7590c8e39f6cd3bd785fe085245a4aa13118bed8 with {} and HTTP headers {}
REQUESTING PAGE: GET /et_click/433ac9c07db7b53aa6214e7c7607911705865f01 with {} and HTTP headers {}
REQUESTING PAGE: GET http://www.example.com/foobar with {} and HTTP headers {"HTTP_REFERER"=>"/et_click/433ac9c07db7b53aa6214e7c7607911705865f01"}
REQUESTING PAGE: GET /et_open/777533c7d91d8eb08c2860a73c15ead6e9a0cbac with {} and HTTP headers {}
REQUESTING PAGE: GET /et_click/7e8570fd24cf9dd1cb1c980501f945ff9243ba27 with {} and HTTP headers {}
REQUESTING PAGE: GET http://www.example.com/foobar with {} and HTTP headers {"HTTP_REFERER"=>"/et_click/7e8570fd24cf9dd1cb1c980501f945ff9243ba27"}
REQUESTING PAGE: GET /et_open/08a62c06933ef11dc2bc60a7ad263ab41596fc81 with {} and HTTP headers {}
REQUESTING PAGE: GET /et_click/e7cee2a39059acab1dd342c531230dc5d2f93029 with {} and HTTP headers {}
REQUESTING PAGE: GET http://www.example.com/foobar with {} and HTTP headers {"HTTP_REFERER"=>"/et_click/e7cee2a39059acab1dd342c531230dc5d2f93029"}
REQUESTING PAGE: GET /et_open/2711300329721c6660fcf6c1c65fb7a3282b5af1 with {} and HTTP headers {}
REQUESTING PAGE: GET /et_click/3cc6935bc7fd0edb5e693fe201973545f7c6930b with {} and HTTP headers {}
REQUESTING PAGE: GET http://www.example.com/foobar with {} and HTTP headers {"HTTP_REFERER"=>"/et_click/3cc6935bc7fd0edb5e693fe201973545f7c6930b"}
REQUESTING PAGE: GET /et_open/21bc6d7d32376cd5abf15187f3fc40eb2f4d50b9 with {} and HTTP headers {}
REQUESTING PAGE: GET /et_click/fbe3c54782ae06c3b507ef430c91edf92407b669 with {} and HTTP headers {}
REQUESTING PAGE: GET http://www.example.com/foobar with {} and HTTP headers {"HTTP_REFERER"=>"/et_click/fbe3c54782ae06c3b507ef430c91edf92407b669"}
REQUESTING PAGE: GET /et_open/709fbe517da0c2f5e679313123cc7fe21e4d5fd0 with {} and HTTP headers {}
REQUESTING PAGE: GET /et_click/8b2f679ad3b09b627ccd58a7dd56c18c774c2e93 with {} and HTTP headers {}
REQUESTING PAGE: GET http://www.example.com/foobar with {} and HTTP headers {"HTTP_REFERER"=>"/et_click/8b2f679ad3b09b627ccd58a7dd56c18c774c2e93"}
REQUESTING PAGE: GET /et_open/a4e8ae31fb57b23e8964b398f5d2f63f9b2c4e65 with {} and HTTP headers {}
REQUESTING PAGE: GET /et_click/9aee10672e3fac457e2335ce7783ad0778ed742c with {} and HTTP headers {}
REQUESTING PAGE: GET http://www.example.com/foobar with {} and HTTP headers {"HTTP_REFERER"=>"/et_click/9aee10672e3fac457e2335ce7783ad0778ed742c"}
REQUESTING PAGE: GET /et_open/a303fa654d2341ca7db1dcc3511b159b702937aa with {} and HTTP headers {}
REQUESTING PAGE: GET /et_click/07e9080a95635552046b6b158064f4ec2b823953 with {} and HTTP headers {}
REQUESTING PAGE: GET http://www.example.com/foobar with {} and HTTP headers {"HTTP_REFERER"=>"/et_click/07e9080a95635552046b6b158064f4ec2b823953"}
REQUESTING PAGE: GET /et_open/a17e84eda1b1539f08c7a960aebbbdb2386365e0 with {} and HTTP headers {}
REQUESTING PAGE: GET /et_click/33cd830d3af4535db0b94da5ea99271b0f8ca7d7 with {} and HTTP headers {}
REQUESTING PAGE: GET http://www.example.com/foobar with {} and HTTP headers {"HTTP_REFERER"=>"/et_click/33cd830d3af4535db0b94da5ea99271b0f8ca7d7"}
REQUESTING PAGE: GET /et_open/eccf2a5e8d55295205d08a4049f7e742173a5f9f with {} and HTTP headers {}
REQUESTING PAGE: GET /et_click/82f1205034b24c9e45cd9a44e4c6e21915caaaf2 with {} and HTTP headers {}
REQUESTING PAGE: GET http://www.example.com/foobar with {} and HTTP headers {"HTTP_REFERER"=>"/et_click/82f1205034b24c9e45cd9a44e4c6e21915caaaf2"}
REQUESTING PAGE: GET /et_open/361c345b6a34f55cab26729f23ce717c409e62d8 with {} and HTTP headers {}
REQUESTING PAGE: GET /et_click/4f5a3d05c2d52ce9d6b60a6c07032e3dbbd4c377 with {} and HTTP headers {}
REQUESTING PAGE: GET http://www.example.com/foobar with {} and HTTP headers {"HTTP_REFERER"=>"/et_click/4f5a3d05c2d52ce9d6b60a6c07032e3dbbd4c377"}
REQUESTING PAGE: GET /et_open/c8479687206cb2ec3eae908fe53ff66268746a86 with {} and HTTP headers {}
REQUESTING PAGE: GET /et_click/18a023eb97a75d67ca3849c3f6c3d1b61d905f4f with {} and HTTP headers {}
REQUESTING PAGE: GET http://www.example.com/foobar with {} and HTTP headers {"HTTP_REFERER"=>"/et_click/18a023eb97a75d67ca3849c3f6c3d1b61d905f4f"}
REQUESTING PAGE: GET /et_open/f2d0376bf19c603a58311a4fcbe213e6555c7a43 with {} and HTTP headers {}
REQUESTING PAGE: GET /et_click/f32d5e73612086685cbd9465a0c7ccea31beca88 with {} and HTTP headers {}
REQUESTING PAGE: GET http://www.example.com/foobar with {} and HTTP headers {"HTTP_REFERER"=>"/et_click/f32d5e73612086685cbd9465a0c7ccea31beca88"}
REQUESTING PAGE: GET /et_open/0a622caaa0ce60923d8b8a63a30c8e31cf9b9267 with {} and HTTP headers {}
REQUESTING PAGE: GET /et_click/63bd0f65976bb9100547f4697db0038504d85396 with {} and HTTP headers {}
REQUESTING PAGE: GET http://www.example.com/foobar with {} and HTTP headers {"HTTP_REFERER"=>"/et_click/63bd0f65976bb9100547f4697db0038504d85396"}
REQUESTING PAGE: GET /et_open/0f5b6360ca7e0e894becbc57f36604c96d269661 with {} and HTTP headers {}
REQUESTING PAGE: GET /et_click/df8ac284d2051a9e2c9dcde771f72538415314f3 with {} and HTTP headers {}
REQUESTING PAGE: GET http://www.example.com/foobar with {} and HTTP headers {"HTTP_REFERER"=>"/et_click/df8ac284d2051a9e2c9dcde771f72538415314f3"}
REQUESTING PAGE: GET /et_open/15e99721771cb4d5942a41c33847511eb9a665cb with {} and HTTP headers {}
REQUESTING PAGE: GET /et_click/e60ac3bdc09d60a24a2a829c2c922d4c2536d42e with {} and HTTP headers {}
REQUESTING PAGE: GET http://www.example.com/foobar with {} and HTTP headers {"HTTP_REFERER"=>"/et_click/e60ac3bdc09d60a24a2a829c2c922d4c2536d42e"}
REQUESTING PAGE: GET /et_open/35db43cf76aaeb2ee7b280d5542cdb4b4c2f9e44 with {} and HTTP headers {}
REQUESTING PAGE: GET /et_click/7dd0708dfa07de4c33b1d24dfc59e5a697a772af with {} and HTTP headers {}
REQUESTING PAGE: GET http://www.example.com/foobar with {} and HTTP headers {"HTTP_REFERER"=>"/et_click/7dd0708dfa07de4c33b1d24dfc59e5a697a772af"}
REQUESTING PAGE: GET /et_open/efa932f30f03f4b8c21e6b1ab98bca2a07c7bb79 with {} and HTTP headers {}
REQUESTING PAGE: GET /et_click/ba183e517400efcd3043d3f72615a1d166d4191e with {} and HTTP headers {}
REQUESTING PAGE: GET http://www.example.com/foobar with {} and HTTP headers {"HTTP_REFERER"=>"/et_click/ba183e517400efcd3043d3f72615a1d166d4191e"}
REQUESTING PAGE: GET /et_open/ad0bc1a061361170659c113e0843e2ba3296ea42 with {} and HTTP headers {}
REQUESTING PAGE: GET /et_click/foobar with {} and HTTP headers {}
REQUESTING PAGE: GET http://www.example.com/foobar with {} and HTTP headers {"HTTP_REFERER"=>"/et_click/foobar"}
REQUESTING PAGE: GET /et_open/8fb4c3ca59a63d1c44136713ead5bd0424819a47 with {} and HTTP headers {}
REQUESTING PAGE: GET /et_click/b96206c2a2f72a8fd5fbf95155e73e33e0912bc1 with {} and HTTP headers {}
REQUESTING PAGE: GET http://www.example.com/foobar with {} and HTTP headers {"HTTP_REFERER"=>"/et_click/b96206c2a2f72a8fd5fbf95155e73e33e0912bc1"}
REQUESTING PAGE: GET /et_open/1136676dd11f84256878ab15713ff2098a9c4579 with {} and HTTP headers {}
REQUESTING PAGE: GET /et_click/19e5a3b7bf160a5fd3c78ceedcc0ddecd06976a8 with {} and HTTP headers {}
REQUESTING PAGE: GET http://www.example.com/foobar with {} and HTTP headers {"HTTP_REFERER"=>"/et_click/19e5a3b7bf160a5fd3c78ceedcc0ddecd06976a8"}
REQUESTING PAGE: GET /et_open/3a157f0c272b3dcf59ce55f8612ea6991ccb0f18 with {} and HTTP headers {}
REQUESTING PAGE: GET /et_click/699cfe53de5ae9de5f32ae60075383fdba9db147 with {} and HTTP headers {}
REQUESTING PAGE: GET http://www.example.com/foobar with {} and HTTP headers {"HTTP_REFERER"=>"/et_click/699cfe53de5ae9de5f32ae60075383fdba9db147"}
REQUESTING PAGE: GET /et_open/9b8ff80abbb0abbf71f6d15c002542accb768ced with {} and HTTP headers {}
REQUESTING PAGE: GET /et_click/12bf4d1eca94514ea52d80cca17034778dc063aa with {} and HTTP headers {}
REQUESTING PAGE: GET http://www.example.com/foobar with {} and HTTP headers {"HTTP_REFERER"=>"/et_click/12bf4d1eca94514ea52d80cca17034778dc063aa"}
REQUESTING PAGE: GET /et_open/67468310ac13e8eb49e9c92d65d566776ef2be44 with {} and HTTP headers {}
REQUESTING PAGE: GET /et_click/a01efdc899872e55cb8ddedb93038a672796a527 with {} and HTTP headers {}
REQUESTING PAGE: GET http://www.example.com/foobar with {} and HTTP headers {"HTTP_REFERER"=>"/et_click/a01efdc899872e55cb8ddedb93038a672796a527"}
REQUESTING PAGE: GET /et_open/e6a45c4c679ae1390c1d20bcde098c19b026370f with {} and HTTP headers {}
REQUESTING PAGE: GET /et_click/07d52ae46414f88bb0dd2d51d54d2620224e2dc1 with {} and HTTP headers {}
REQUESTING PAGE: GET http://www.example.com/foobar with {} and HTTP headers {"HTTP_REFERER"=>"/et_click/07d52ae46414f88bb0dd2d51d54d2620224e2dc1"}
REQUESTING PAGE: GET /et_open/aa2e3fe5ef61b33c0e455f37450a550948d7a82c with {} and HTTP headers {}
REQUESTING PAGE: GET /et_click/35a996d98f4a887b4ab6778a4bf4514d42dfe6bb with {} and HTTP headers {}
REQUESTING PAGE: GET http://www.example.com/foobar with {} and HTTP headers {"HTTP_REFERER"=>"/et_click/35a996d98f4a887b4ab6778a4bf4514d42dfe6bb"}
REQUESTING PAGE: GET /et_open/c1275ca81717f4f4fdac0a5e480d10dd49f92241 with {} and HTTP headers {}
REQUESTING PAGE: GET /et_click/24a482ebe6404b34967885516cb10c1093e8c2dd with {} and HTTP headers {}
REQUESTING PAGE: GET http://www.example.com/foobar with {} and HTTP headers {"HTTP_REFERER"=>"/et_click/24a482ebe6404b34967885516cb10c1093e8c2dd"}
REQUESTING PAGE: GET /et_open/7c1f82f4fcb2542e8541d52530dee27408bc8ec4 with {} and HTTP headers {}
REQUESTING PAGE: GET /et_click/21f2dd15c8e58a1f1a5604a81c927c01ceb571ca with {} and HTTP headers {}
REQUESTING PAGE: GET http://www.example.com/foobar with {} and HTTP headers {"HTTP_REFERER"=>"/et_click/21f2dd15c8e58a1f1a5604a81c927c01ceb571ca"}
REQUESTING PAGE: GET /et_open/0a79151719af7246e4073cf11b78058b1449091a with {} and HTTP headers {}
REQUESTING PAGE: GET /et_click/cc21067a9be5db7a5a8259163c1d4bc66dc98cf9 with {} and HTTP headers {}
REQUESTING PAGE: GET http://www.example.com/foobar with {} and HTTP headers {"HTTP_REFERER"=>"/et_click/cc21067a9be5db7a5a8259163c1d4bc66dc98cf9"}
REQUESTING PAGE: GET /et_open/6ed4b93d7c6226514c6362478a8125c1e7451f8e with {} and HTTP headers {}
REQUESTING PAGE: GET /et_click/5b2e9f4081d7413c3ddc3e9b7b21c552554d9dca with {} and HTTP headers {}
REQUESTING PAGE: GET http://www.example.com/foobar with {} and HTTP headers {"HTTP_REFERER"=>"/et_click/5b2e9f4081d7413c3ddc3e9b7b21c552554d9dca"}
REQUESTING PAGE: GET /et_open/9de05baa2ee4f82386ab92dead089e0bedfce516 with {} and HTTP headers {}
REQUESTING PAGE: GET /et_click/d02ade6099e71cd292406b5b3cdb98427ab81e0b with {} and HTTP headers {}
REQUESTING PAGE: GET http://www.example.com/foobar with {} and HTTP headers {"HTTP_REFERER"=>"/et_click/d02ade6099e71cd292406b5b3cdb98427ab81e0b"}
REQUESTING PAGE: GET /et_open/409f91c47daafacccef8f90dacf4317d65e0dea2 with {} and HTTP headers {}
REQUESTING PAGE: GET /et_click/6f80ebcafd1535639cc8da73d108f294ca1220a0 with {} and HTTP headers {}
REQUESTING PAGE: GET http://www.example.com/foobar with {} and HTTP headers {"HTTP_REFERER"=>"/et_click/6f80ebcafd1535639cc8da73d108f294ca1220a0"}
REQUESTING PAGE: GET /et_open/de4f513a93ad9fb3700aca24d73a491b0c911103 with {} and HTTP headers {}
REQUESTING PAGE: GET /et_click/568e41b238011b1d2054e58cb6cca326d05bf6ea with {} and HTTP headers {}
REQUESTING PAGE: GET http://www.example.com/foobar with {} and HTTP headers {"HTTP_REFERER"=>"/et_click/568e41b238011b1d2054e58cb6cca326d05bf6ea"}
REQUESTING PAGE: GET /et_open/015542f8f4e42855a94a433445a13806257b6f83 with {} and HTTP headers {}
REQUESTING PAGE: GET /et_click/258b55682da428181129a2bed7caf757a05960fb with {} and HTTP headers {}
REQUESTING PAGE: GET http://www.example.com/foobar with {} and HTTP headers {"HTTP_REFERER"=>"/et_click/258b55682da428181129a2bed7caf757a05960fb"}
REQUESTING PAGE: GET /et_open/5d11fe296ef81039c041f27a62d65ff83f9f5746 with {} and HTTP headers {}
REQUESTING PAGE: GET /et_click/01f05d9cd7b9f360321ae722d486c0c9fe9aed6f with {} and HTTP headers {}
REQUESTING PAGE: GET http://www.example.com/foobar with {} and HTTP headers {"HTTP_REFERER"=>"/et_click/01f05d9cd7b9f360321ae722d486c0c9fe9aed6f"}
REQUESTING PAGE: GET /et_open/f272ca7ad5a36d7160d5786e1ca5223dde5cecd1 with {} and HTTP headers {}
REQUESTING PAGE: GET /et_click/55eef41b67be48450a0887481948a43b7a23e030 with {} and HTTP headers {}
REQUESTING PAGE: GET http://www.example.com/foobar with {} and HTTP headers {"HTTP_REFERER"=>"/et_click/55eef41b67be48450a0887481948a43b7a23e030"}
REQUESTING PAGE: GET /et_open/364ee25b0d363390845802424c67d77502b6dfbe with {} and HTTP headers {}
REQUESTING PAGE: GET /et_click/fd759f136f436346f3508ec8d74089ee19db7c36 with {} and HTTP headers {}
REQUESTING PAGE: GET http://www.example.com/foobar with {} and HTTP headers {"HTTP_REFERER"=>"/et_click/fd759f136f436346f3508ec8d74089ee19db7c36"}
REQUESTING PAGE: GET /et_open/cd9bfe363d88f56fc2b70638689d26554d2858ae with {} and HTTP headers {}
REQUESTING PAGE: GET /et_click/665f9c19e400da8808a56d631a4f45aa9475bf70 with {} and HTTP headers {}
REQUESTING PAGE: GET http://www.example.com/foobar with {} and HTTP headers {"HTTP_REFERER"=>"/et_click/665f9c19e400da8808a56d631a4f45aa9475bf70"}
REQUESTING PAGE: GET /et_open/7906dcdccfa197dc88c30beca3590714c7cfe4f4 with {} and HTTP headers {}
REQUESTING PAGE: GET /et_click/a74e968cf0c1a8e5bfc2e9501fb133e2c719d153 with {} and HTTP headers {}
REQUESTING PAGE: GET http://www.example.com/foobar with {} and HTTP headers {"HTTP_REFERER"=>"/et_click/a74e968cf0c1a8e5bfc2e9501fb133e2c719d153"}
REQUESTING PAGE: GET /et_open/182bb7380dbc9afdf8fe3e71e76b7c9ab4e90f17 with {} and HTTP headers {}
REQUESTING PAGE: GET /et_click/c565a870869d711ef05f00ba7240322308e3749c with {} and HTTP headers {}
REQUESTING PAGE: GET http://www.example.com/foobar with {} and HTTP headers {"HTTP_REFERER"=>"/et_click/c565a870869d711ef05f00ba7240322308e3749c"}
REQUESTING PAGE: GET /et_open/b3da30d9dacc4d5d7cc12397f0e4702e3030f62f with {} and HTTP headers {}
REQUESTING PAGE: GET /et_click/859b7681d1d8aae2c4f06d002af008be9e0bc5eb with {} and HTTP headers {}
REQUESTING PAGE: GET http://www.example.com/foobar with {} and HTTP headers {"HTTP_REFERER"=>"/et_click/859b7681d1d8aae2c4f06d002af008be9e0bc5eb"}
REQUESTING PAGE: GET /et_open/c89c9b2beb247c71ffb2f25900ad0730b0e63030 with {} and HTTP headers {}
REQUESTING PAGE: GET /et_click/b74513207eb61eb564b45768f3149809a1734077 with {} and HTTP headers {}
REQUESTING PAGE: GET http://www.example.com/foobar with {} and HTTP headers {"HTTP_REFERER"=>"/et_click/b74513207eb61eb564b45768f3149809a1734077"}
REQUESTING PAGE: GET /et_open/0f0102dac62a31755b6f3051fe9c5291247c4cca with {} and HTTP headers {}
REQUESTING PAGE: GET /et_click/4cc16488733336c7b7b496447fe7508247314818 with {} and HTTP headers {}
REQUESTING PAGE: GET http://www.example.com/foobar with {} and HTTP headers {"HTTP_REFERER"=>"/et_click/4cc16488733336c7b7b496447fe7508247314818"}
REQUESTING PAGE: GET /et_open/05b2418fb3c825b2f245c3c4101f9ef1378790c1 with {} and HTTP headers {}
REQUESTING PAGE: GET /et_click/5e7261edd4588f10aae3b3c4ee03895e05a012a7 with {} and HTTP headers {}
REQUESTING PAGE: GET http://www.example.com/foobar with {} and HTTP headers {"HTTP_REFERER"=>"/et_click/5e7261edd4588f10aae3b3c4ee03895e05a012a7"}
REQUESTING PAGE: GET /et_open/30d1738667c3e025e3a53aeb1b0b70f947b82e02 with {} and HTTP headers {}
REQUESTING PAGE: GET /et_click/492192736ffa01c89ea3ae5ec0430da614b7230d with {} and HTTP headers {}
REQUESTING PAGE: GET http://www.example.com/foobar with {} and HTTP headers {"HTTP_REFERER"=>"/et_click/492192736ffa01c89ea3ae5ec0430da614b7230d"}
REQUESTING PAGE: GET /et_open/b64966e0c1476670edfca6616550e4b25f3567e5 with {} and HTTP headers {}
REQUESTING PAGE: GET /et_click/bc497b097b368563cfc28209d5a43cce4870cedc with {} and HTTP headers {}
REQUESTING PAGE: GET http://www.example.com/foobar with {} and HTTP headers {"HTTP_REFERER"=>"/et_click/bc497b097b368563cfc28209d5a43cce4870cedc"}
REQUESTING PAGE: GET /et_open/7135aa8cdd74475942fad1aa0c5916bd3cec2319 with {} and HTTP headers {}
REQUESTING PAGE: GET /et_click/3e54809ddf32ab6705d96aa3ed52f9769190d676 with {} and HTTP headers {}
REQUESTING PAGE: GET http://www.example.com/foobar with {} and HTTP headers {"HTTP_REFERER"=>"/et_click/3e54809ddf32ab6705d96aa3ed52f9769190d676"}
REQUESTING PAGE: GET /et_open/b80aa374fd24939d7a9bf3abc0ea2a5658fd6764 with {} and HTTP headers {}
REQUESTING PAGE: GET /et_click/3e6037303ef198a03e7753d5b80dc0149b1c42d6 with {} and HTTP headers {}
REQUESTING PAGE: GET http://www.example.com/foobar with {} and HTTP headers {"HTTP_REFERER"=>"/et_click/3e6037303ef198a03e7753d5b80dc0149b1c42d6"}
REQUESTING PAGE: GET /et_open/caeb875d94d207d09cb63dcd77bb00083f017fb5 with {} and HTTP headers {}
REQUESTING PAGE: GET /et_click/85e4887c852cc61c5a909fa5be19d331afc90a6b with {} and HTTP headers {}
REQUESTING PAGE: GET http://www.example.com/foobar with {} and HTTP headers {"HTTP_REFERER"=>"/et_click/85e4887c852cc61c5a909fa5be19d331afc90a6b"}
REQUESTING PAGE: GET /et_open/e8a5775d08db1c3e9ad7e33361d2402d000429fb with {} and HTTP headers {}
REQUESTING PAGE: GET /et_click/9e9be064dca4abe47262cada46ff92051ed9cd9a with {} and HTTP headers {}
REQUESTING PAGE: GET http://www.example.com/foobar with {} and HTTP headers {"HTTP_REFERER"=>"/et_click/9e9be064dca4abe47262cada46ff92051ed9cd9a"}
REQUESTING PAGE: GET /et_open/de43b9b0ab89b445bb101c0da5cf679b51d515bb with {} and HTTP headers {}
REQUESTING PAGE: GET /et_click/be91ddb6c25ad117e0c921c48d6631a7e5ee344e with {} and HTTP headers {}
REQUESTING PAGE: GET http://www.example.com/foobar with {} and HTTP headers {"HTTP_REFERER"=>"/et_click/be91ddb6c25ad117e0c921c48d6631a7e5ee344e"}
REQUESTING PAGE: GET /et_open/056f608049f623056f861d8f363e917e69b18c0e with {} and HTTP headers {}
REQUESTING PAGE: GET /et_click/1062bc7657e0ff283c6e85b5a1e5924bc5a62631 with {} and HTTP headers {}
REQUESTING PAGE: GET http://www.example.com/foobar with {} and HTTP headers {"HTTP_REFERER"=>"/et_click/1062bc7657e0ff283c6e85b5a1e5924bc5a62631"}
REQUESTING PAGE: GET /et_open/9cfa07c5008f2a04f55403f72bd828afff417bb1 with {} and HTTP headers {}
REQUESTING PAGE: GET /et_click/3dd31b0d84d61d5e5f7d6b2d115f9d99f7595f91 with {} and HTTP headers {}
REQUESTING PAGE: GET http://www.example.com/foobar with {} and HTTP headers {"HTTP_REFERER"=>"/et_click/3dd31b0d84d61d5e5f7d6b2d115f9d99f7595f91"}
REQUESTING PAGE: GET /et_open/eb698da90ee68d5f6cf3f12801da3d4db60e5579 with {} and HTTP headers {}
REQUESTING PAGE: GET /et_click/ffcc343f9cb2dec4e69cd44835b6981fa71e8bef with {} and HTTP headers {}
REQUESTING PAGE: GET http://www.example.com/foobar with {} and HTTP headers {"HTTP_REFERER"=>"/et_click/ffcc343f9cb2dec4e69cd44835b6981fa71e8bef"}
REQUESTING PAGE: GET /et_open/cdaf785b104b68ecf272eecd994f955a71220793 with {} and HTTP headers {}
REQUESTING PAGE: GET /et_click/e2d078534a01e1f771b3749d37f3540f6f2080fd with {} and HTTP headers {}
REQUESTING PAGE: GET http://www.example.com/foobar with {} and HTTP headers {"HTTP_REFERER"=>"/et_click/e2d078534a01e1f771b3749d37f3540f6f2080fd"}
REQUESTING PAGE: GET /et_open/be1ee419f7e56c55827771c5d0f9f40dae36cb5b with {} and HTTP headers {}
REQUESTING PAGE: GET /et_click/a44d4728670e2e9730b6dfa9309185e75e42a66e with {} and HTTP headers {}
REQUESTING PAGE: GET http://www.example.com/foobar with {} and HTTP headers {"HTTP_REFERER"=>"/et_click/a44d4728670e2e9730b6dfa9309185e75e42a66e"}
REQUESTING PAGE: GET /et_open/0937a79a20c72f5c66c4177f5589193d019fded7 with {} and HTTP headers {}
REQUESTING PAGE: GET /et_click/7a16edf637d0d9bbd0deebcec79e17c3f221815f with {} and HTTP headers {}
REQUESTING PAGE: GET http://www.example.com/foobar with {} and HTTP headers {"HTTP_REFERER"=>"/et_click/7a16edf637d0d9bbd0deebcec79e17c3f221815f"}
REQUESTING PAGE: GET /et_open/34a5d316ea0198e3ecc45bf1cdc5df78a54c37b1 with {} and HTTP headers {}
REQUESTING PAGE: GET /et_click/08d292240e3c01a2a8767011542a7ea4db10d181 with {} and HTTP headers {}
REQUESTING PAGE: GET http://www.example.com/foobar with {} and HTTP headers {"HTTP_REFERER"=>"/et_click/08d292240e3c01a2a8767011542a7ea4db10d181"}
REQUESTING PAGE: GET /et_open/59e956280515247d85991ab784ddc6eebd27e8f8 with {} and HTTP headers {}
REQUESTING PAGE: GET /et_click/ece3b684cde8182e02805a7dcf1d80978d3e3e93 with {} and HTTP headers {}
REQUESTING PAGE: GET http://www.example.com/foobar with {} and HTTP headers {"HTTP_REFERER"=>"/et_click/ece3b684cde8182e02805a7dcf1d80978d3e3e93"}
REQUESTING PAGE: GET /et_open/38d3eded6a3594ff3a9c21bfe5b27bd14e87c1c3 with {} and HTTP headers {}
REQUESTING PAGE: GET /et_click/3e08e2f2ce21a6145b57ff91f0f6401651256145 with {} and HTTP headers {}
REQUESTING PAGE: GET http://www.example.com/foobar with {} and HTTP headers {"HTTP_REFERER"=>"/et_click/3e08e2f2ce21a6145b57ff91f0f6401651256145"}
REQUESTING PAGE: GET /et_open/61ed3c273adaadd148c0cad6eff0ec27496015b1 with {} and HTTP headers {}
REQUESTING PAGE: GET /et_click/502ba372b26567f6f743f75d0c1a3aff30250997 with {} and HTTP headers {}
REQUESTING PAGE: GET http://www.example.com/foobar with {} and HTTP headers {"HTTP_REFERER"=>"/et_click/502ba372b26567f6f743f75d0c1a3aff30250997"}
REQUESTING PAGE: GET /et_open/1d50855d5e761241ac6040f7532b198802432d6e with {} and HTTP headers {}
REQUESTING PAGE: GET /et_click/59aabc4b461b884baa2da2080235161a59148885 with {} and HTTP headers {}
REQUESTING PAGE: GET http://www.example.com/foobar with {} and HTTP headers {"HTTP_REFERER"=>"/et_click/59aabc4b461b884baa2da2080235161a59148885"}
REQUESTING PAGE: GET /et_open/fe26c837eb005f89626e4e379ec6ccd4b7999b18 with {} and HTTP headers {}
REQUESTING PAGE: GET /et_click/35359ccf4b62f90e01e35412e444e5c2c8c9d5c7 with {} and HTTP headers {}
REQUESTING PAGE: GET http://www.example.com/foobar with {} and HTTP headers {"HTTP_REFERER"=>"/et_click/35359ccf4b62f90e01e35412e444e5c2c8c9d5c7"}
REQUESTING PAGE: GET /et_open/ca97878196dc91e0059da7f383d7beb92d329e02 with {} and HTTP headers {}
REQUESTING PAGE: GET /et_click/a53f3fd7f743c88be165fbef9c58aba5383990b3 with {} and HTTP headers {}
REQUESTING PAGE: GET http://www.example.com/foobar with {} and HTTP headers {"HTTP_REFERER"=>"/et_click/a53f3fd7f743c88be165fbef9c58aba5383990b3"}
REQUESTING PAGE: GET /et_open/08b3392f5089061409ee57499a52d38a064e2708 with {} and HTTP headers {}
REQUESTING PAGE: GET /et_click/e5af588ec1c5c56bd725b351b4b6d841bec9335b with {} and HTTP headers {}
REQUESTING PAGE: GET http://www.example.com/foobar with {} and HTTP headers {"HTTP_REFERER"=>"/et_click/e5af588ec1c5c56bd725b351b4b6d841bec9335b"}
REQUESTING PAGE: GET /et_open/1549bd4f31436260ec3112ef0e1c1b4f35b606df with {} and HTTP headers {}
REQUESTING PAGE: GET /et_click/897944a5ec9c0a6382f5c6c9b61c3526b3380d54 with {} and HTTP headers {}
REQUESTING PAGE: GET http://www.example.com/foobar with {} and HTTP headers {"HTTP_REFERER"=>"/et_click/897944a5ec9c0a6382f5c6c9b61c3526b3380d54"}
REQUESTING PAGE: GET /et_open/412642b9aeb75404058721f54db319b28b0197c5 with {} and HTTP headers {}
REQUESTING PAGE: GET /et_click/2f7f2627252d98168e9b727b8e7b619fc27ae463 with {} and HTTP headers {}
REQUESTING PAGE: GET http://www.example.com/foobar with {} and HTTP headers {"HTTP_REFERER"=>"/et_click/2f7f2627252d98168e9b727b8e7b619fc27ae463"}
REQUESTING PAGE: GET /et_open/251cedf1a0e32598555c85ab0087cdf71467099e with {} and HTTP headers {}
REQUESTING PAGE: GET /et_click/c2ab14ca0a2b8bd50a5a365de1d0e0a15738957c with {} and HTTP headers {}
REQUESTING PAGE: GET http://www.example.com/foobar with {} and HTTP headers {"HTTP_REFERER"=>"/et_click/c2ab14ca0a2b8bd50a5a365de1d0e0a15738957c"}
REQUESTING PAGE: GET /et_open/qwewqe with {} and HTTP headers {}
REQUESTING PAGE: GET /et_click/22ca6d0a8d58a7df6c2300e38a499ecd2d19d60d with {} and HTTP headers {}
REQUESTING PAGE: GET http://www.example.com/foobar with {} and HTTP headers {"HTTP_REFERER"=>"/et_click/22ca6d0a8d58a7df6c2300e38a499ecd2d19d60d"}
REQUESTING PAGE: GET /et_open/ca3b717d4ede72cc9c681466bb38a1115d839c06 with {} and HTTP headers {}
REQUESTING PAGE: GET /et_click/4fe8e021462c9708ccd672b69ccfc10235f367dc with {} and HTTP headers {}
REQUESTING PAGE: GET http://www.example.com/foobar with {} and HTTP headers {"HTTP_REFERER"=>"/et_click/4fe8e021462c9708ccd672b69ccfc10235f367dc"}
REQUESTING PAGE: GET /et_open/a63726091420370094a40643d322d37328ee42c4 with {} and HTTP headers {}
REQUESTING PAGE: GET /et_click/9b08afdf3e87c965632e0ba1900d3a885c377635 with {} and HTTP headers {}
REQUESTING PAGE: GET http://www.example.com/foobar with {} and HTTP headers {"HTTP_REFERER"=>"/et_click/9b08afdf3e87c965632e0ba1900d3a885c377635"}
REQUESTING PAGE: GET /et_open/976e725f4d1ae03ecd58a3b64727420737550851 with {} and HTTP headers {}
REQUESTING PAGE: GET /et_click/5ea563cfbdc1a6162ed1edaf7ed5375187ef15fa with {} and HTTP headers {}
REQUESTING PAGE: GET http://www.example.com/foobar with {} and HTTP headers {"HTTP_REFERER"=>"/et_click/5ea563cfbdc1a6162ed1edaf7ed5375187ef15fa"}
REQUESTING PAGE: GET /et_open/d4ec9099dc507404e38065b098d377084bd0ff99 with {} and HTTP headers {}
REQUESTING PAGE: GET /et_click/628d47d34f45e6c89990d8e280808299e2ced467 with {} and HTTP headers {}
REQUESTING PAGE: GET http://www.example.com/foobar with {} and HTTP headers {"HTTP_REFERER"=>"/et_click/628d47d34f45e6c89990d8e280808299e2ced467"}
REQUESTING PAGE: GET /et_open/7bb8db12ee49504a50f6ac7154373d934d9370c1 with {} and HTTP headers {}
REQUESTING PAGE: GET /et_click/4a73ccb7c41ce7608120d6412d0c35acff984f28 with {} and HTTP headers {}
REQUESTING PAGE: GET http://www.example.com/foobar with {} and HTTP headers {"HTTP_REFERER"=>"/et_click/4a73ccb7c41ce7608120d6412d0c35acff984f28"}
REQUESTING PAGE: GET /et_open/ed3635b385fd3818f4ee3ab26a306f239afde95f with {} and HTTP headers {}
REQUESTING PAGE: GET /et_click/5424f9b87948037016eec867aac276de8a86a19b with {} and HTTP headers {}
REQUESTING PAGE: GET http://www.example.com/foobar with {} and HTTP headers {"HTTP_REFERER"=>"/et_click/5424f9b87948037016eec867aac276de8a86a19b"}
REQUESTING PAGE: GET /et_open/a1d29a4f333e75cb87c144851d44e659c5ac1d8e with {} and HTTP headers {}
REQUESTING PAGE: GET /et_click/655c3c70c0c3204e386d04ea4ed45e5075349bb0 with {} and HTTP headers {}
REQUESTING PAGE: GET http://www.example.com/foobar with {} and HTTP headers {"HTTP_REFERER"=>"/et_click/655c3c70c0c3204e386d04ea4ed45e5075349bb0"}
REQUESTING PAGE: GET /et/3/amV6LndhbGtlckBnbWFpbC5jb20 with {} and HTTP headers {}
REQUESTING PAGE: GET /et/5/amV6LndhbGtlckBnbWFpbC5jb20 with {} and HTTP headers {}
REQUESTING PAGE: GET /et/7/amV6LndhbGtlckBnbWFpbC5jb20 with {} and HTTP headers {}
REQUESTING PAGE: GET /et/9/amV6LndhbGtlckBnbWFpbC5jb20 with {} and HTTP headers {}
REQUESTING PAGE: GET /et/11/amV6LndhbGtlckBnbWFpbC5jb20 with {} and HTTP headers {}
REQUESTING PAGE: GET /et/13/amV6LndhbGtlckBnbWFpbC5jb20 with {} and HTTP headers {}
REQUESTING PAGE: GET /et/3/amV6LndhbGtlckBnbWFpbC5jb20 with {} and HTTP headers {}
REQUESTING PAGE: GET /et/5/amV6LndhbGtlckBnbWFpbC5jb20 with {} and HTTP headers {}
REQUESTING PAGE: GET /et/7/amV6LndhbGtlckBnbWFpbC5jb20 with {} and HTTP headers {}
REQUESTING PAGE: GET /et/9/amV6LndhbGtlckBnbWFpbC5jb20 with {} and HTTP headers {}
REQUESTING PAGE: GET /et/11/amV6LndhbGtlckBnbWFpbC5jb20 with {} and HTTP headers {}
REQUESTING PAGE: GET /et/13/amV6LndhbGtlckBnbWFpbC5jb20 with {} and HTTP headers {}
REQUESTING PAGE: GET /foobar/et=13_amV6LndhbGtlckBnbWFpbC5jb20 with {} and HTTP headers {}
REQUESTING PAGE: GET /et/15/amV6LndhbGtlckBnbWFpbC5jb20 with {} and HTTP headers {}
REQUESTING PAGE: GET /foobar?et=15_amV6LndhbGtlckBnbWFpbC5jb20 with {} and HTTP headers {}
REQUESTING PAGE: GET /et/17/amV6LndhbGtlckBnbWFpbC5jb20 with {} and HTTP headers {}
REQUESTING PAGE: GET /foobar?et=17_amV6LndhbGtlckBnbWFpbC5jb20 with {} and HTTP headers {}
REQUESTING PAGE: GET /et/19/amV6LndhbGtlckBnbWFpbC5jb20 with {} and HTTP headers {}
REQUESTING PAGE: GET /foobar?et=19_amV6LndhbGtlckBnbWFpbC5jb20 with {} and HTTP headers {}
REQUESTING PAGE: GET /et/21/amV6LndhbGtlckBnbWFpbC5jb20 with {} and HTTP headers {}
REQUESTING PAGE: GET /foobar?et=21_amV6LndhbGtlckBnbWFpbC5jb20 with {} and HTTP headers {}
REQUESTING PAGE: GET /et/23/amV6LndhbGtlckBnbWFpbC5jb20 with {} and HTTP headers {}
REQUESTING PAGE: GET /foobar?et=23_amV6LndhbGtlckBnbWFpbC5jb20 with {} and HTTP headers {}
REQUESTING PAGE: GET /et/25/amV6LndhbGtlckBnbWFpbC5jb20 with {} and HTTP headers {}
REQUESTING PAGE: GET /foobar?et=25_amV6LndhbGtlckBnbWFpbC5jb20 with {} and HTTP headers {}
REQUESTING PAGE: GET /et/27/amV6LndhbGtlckBnbWFpbC5jb20 with {} and HTTP headers {}
REQUESTING PAGE: GET /foobar?et=27_amV6LndhbGtlckBnbWFpbC5jb20 with {} and HTTP headers {}
REQUESTING PAGE: GET /et/29/amV6LndhbGtlckBnbWFpbC5jb20 with {} and HTTP headers {}
REQUESTING PAGE: GET /foobar?et=29_amV6LndhbGtlckBnbWFpbC5jb20 with {} and HTTP headers {}
REQUESTING PAGE: GET /et/31/amV6LndhbGtlckBnbWFpbC5jb20 with {} and HTTP headers {}
REQUESTING PAGE: GET /foobar?et=31_amV6LndhbGtlckBnbWFpbC5jb20 with {} and HTTP headers {}
REQUESTING PAGE: GET /et/3/amV6LndhbGtlckBnbWFpbC5jb20 with {} and HTTP headers {}
REQUESTING PAGE: GET /foobar?et=3_amV6LndhbGtlckBnbWFpbC5jb20 with {} and HTTP headers {}
REQUESTING PAGE: GET /et/5/amV6LndhbGtlckBnbWFpbC5jb20 with {} and HTTP headers {}
REQUESTING PAGE: GET /foobar?et=5_amV6LndhbGtlckBnbWFpbC5jb20 with {} and HTTP headers {}
REQUESTING PAGE: GET /et/7/amV6LndhbGtlckBnbWFpbC5jb20 with {} and HTTP headers {}
REQUESTING PAGE: GET /foobar?et=7_amV6LndhbGtlckBnbWFpbC5jb20 with {} and HTTP headers {}
REQUESTING PAGE: GET /et/9/amV6LndhbGtlckBnbWFpbC5jb20 with {} and HTTP headers {}
REQUESTING PAGE: GET /foobar?et=9_amV6LndhbGtlckBnbWFpbC5jb20 with {} and HTTP headers {}
REQUESTING PAGE: GET /et/11/amV6LndhbGtlckBnbWFpbC5jb20 with {} and HTTP headers {}
REQUESTING PAGE: GET /foobar?et=11_amV6LndhbGtlckBnbWFpbC5jb20 with {} and HTTP headers {}
REQUESTING PAGE: GET /et/13/amV6LndhbGtlckBnbWFpbC5jb20 with {} and HTTP headers {}
REQUESTING PAGE: GET /foobar?et=13_amV6LndhbGtlckBnbWFpbC5jb20 with {} and HTTP headers {}
REQUESTING PAGE: GET /et/15/amV6LndhbGtlckBnbWFpbC5jb20 with {} and HTTP headers {}
REQUESTING PAGE: GET /foobar?et=15_amV6LndhbGtlckBnbWFpbC5jb20 with {} and HTTP headers {}
REQUESTING PAGE: GET /et/17/amV6LndhbGtlckBnbWFpbC5jb20 with {} and HTTP headers {}
REQUESTING PAGE: GET /foobar?et=17_amV6LndhbGtlckBnbWFpbC5jb20 with {} and HTTP headers {}
REQUESTING PAGE: GET /et/19/amV6LndhbGtlckBnbWFpbC5jb20 with {} and HTTP headers {}
REQUESTING PAGE: GET /foobar?et=19_amV6LndhbGtlckBnbWFpbC5jb20 with {} and HTTP headers {}
REQUESTING PAGE: GET /et/21/amV6LndhbGtlckBnbWFpbC5jb20 with {} and HTTP headers {}
REQUESTING PAGE: GET /foobar?et=21_amV6LndhbGtlckBnbWFpbC5jb20 with {} and HTTP headers {}
REQUESTING PAGE: GET /et/23/amV6LndhbGtlckBnbWFpbC5jb20 with {} and HTTP headers {}
REQUESTING PAGE: GET /foobar?et=23_amV6LndhbGtlckBnbWFpbC5jb20 with {} and HTTP headers {}
