Connecting to database specified by database.yml
Connecting to database specified by database.yml
  [1m[36m (0.2ms)[0m  [1mselect sqlite_version(*)[0m
  [1m[35m (14.2ms)[0m  CREATE TABLE "schema_migrations" ("version" varchar(255) NOT NULL) 
  [1m[36m (0.0ms)[0m  [1mPRAGMA index_list("schema_migrations")[0m
  [1m[35m (2.5ms)[0m  CREATE UNIQUE INDEX "unique_schema_migrations" ON "schema_migrations" ("version")
  [1m[36m (0.1ms)[0m  [1mSELECT "schema_migrations"."version" FROM "schema_migrations" [0m
Migrating to CreateEmailTrackerEmails (20120610201855)
  [1m[35m (0.0ms)[0m  begin transaction
  [1m[36m (0.5ms)[0m  [1mCREATE TABLE "email_tracker_emails" ("id" INTEGER PRIMARY KEY AUTOINCREMENT NOT NULL, "name" varchar(255), "description" text, "mailer" varchar(255) NOT NULL, "action" varchar(255) NOT NULL, "owner_type" varchar(255), "owner_id" integer, "hash_code" BIGINT NOT NULL, "created_at" datetime NOT NULL, "updated_at" datetime NOT NULL) [0m
  [1m[35m (0.1ms)[0m  INSERT INTO "schema_migrations" ("version") VALUES ('20120610201855')
  [1m[36m (15.8ms)[0m  [1mcommit transaction[0m
Migrating to CreateEmailTrackerEmailInstances (20120610202021)
  [1m[35m (0.1ms)[0m  begin transaction
  [1m[36m (0.7ms)[0m  [1mCREATE TABLE "email_tracker_email_instances" ("id" INTEGER PRIMARY KEY AUTOINCREMENT NOT NULL, "email_id" integer NOT NULL, "email_address" varchar(255) NOT NULL, "url_code" varchar(255) NOT NULL, "user_id" integer, "created_at" datetime NOT NULL, "updated_at" datetime NOT NULL, "opened_at" datetime) [0m
  [1m[35m (0.2ms)[0m  INSERT INTO "schema_migrations" ("version") VALUES ('20120610202021')
  [1m[36m (13.3ms)[0m  [1mcommit transaction[0m
Migrating to CreateEmailTrackerLinks (20120610202122)
  [1m[35m (0.1ms)[0m  begin transaction
  [1m[36m (0.4ms)[0m  [1mCREATE TABLE "email_tracker_links" ("id" INTEGER PRIMARY KEY AUTOINCREMENT NOT NULL, "url" varchar(255) NOT NULL, "num_clicks" integer DEFAULT 0 NOT NULL, "created_at" datetime NOT NULL, "updated_at" datetime NOT NULL) [0m
  [1m[35m (0.1ms)[0m  INSERT INTO "schema_migrations" ("version") VALUES ('20120610202122')
  [1m[36m (19.4ms)[0m  [1mcommit transaction[0m
Migrating to CreateEmailTrackerLinkInstances (20120610202149)
  [1m[35m (0.1ms)[0m  begin transaction
  [1m[36m (0.6ms)[0m  [1mCREATE TABLE "email_tracker_link_instances" ("id" INTEGER PRIMARY KEY AUTOINCREMENT NOT NULL, "link_id" integer NOT NULL, "email_instance_id" integer NOT NULL, "url_code" varchar(255) NOT NULL, "is_externally_viewable" boolean DEFAULT 'f' NOT NULL, "clicked_at" datetime) [0m
  [1m[35m (0.2ms)[0m  INSERT INTO "schema_migrations" ("version") VALUES ('20120610202149')
  [1m[36m (2.2ms)[0m  [1mcommit transaction[0m
Migrating to CreateSubscriptions (20120610205858)
  [1m[35m (0.1ms)[0m  begin transaction
  [1m[36m (0.4ms)[0m  [1mCREATE TABLE "subscriptions" ("id" INTEGER PRIMARY KEY AUTOINCREMENT NOT NULL) [0m
  [1m[35m (0.1ms)[0m  INSERT INTO "schema_migrations" ("version") VALUES ('20120610205858')
  [1m[36m (23.6ms)[0m  [1mcommit transaction[0m
  [1m[35m (0.3ms)[0m  select sqlite_version(*)
  [1m[36m (0.1ms)[0m  [1mSELECT "schema_migrations"."version" FROM "schema_migrations" [0m
  [1m[35m (0.0ms)[0m  PRAGMA index_list("email_tracker_email_instances")
  [1m[36m (0.0ms)[0m  [1mPRAGMA index_list("email_tracker_emails")[0m
  [1m[35m (0.0ms)[0m  PRAGMA index_list("email_tracker_link_instances")
  [1m[36m (0.0ms)[0m  [1mPRAGMA index_list("email_tracker_links")[0m
  [1m[35m (0.0ms)[0m  PRAGMA index_list("subscriptions")
Connecting to database specified by database.yml
  [1m[36m (0.1ms)[0m  [1mSELECT "schema_migrations"."version" FROM "schema_migrations" [0m
Migrating to CreateEmailTrackerEmails (20120610201855)
Migrating to CreateEmailTrackerEmailInstances (20120610202021)
Migrating to CreateEmailTrackerLinks (20120610202122)
Migrating to CreateEmailTrackerLinkInstances (20120610202149)
Migrating to CreateSubscriptions (20120610205858)
  [1m[35m (0.2ms)[0m  select sqlite_version(*)
  [1m[36m (0.1ms)[0m  [1mSELECT "schema_migrations"."version" FROM "schema_migrations" [0m
  [1m[35m (0.0ms)[0m  PRAGMA index_list("email_tracker_email_instances")
  [1m[36m (0.0ms)[0m  [1mPRAGMA index_list("email_tracker_emails")[0m
  [1m[35m (0.0ms)[0m  PRAGMA index_list("email_tracker_link_instances")
  [1m[36m (0.0ms)[0m  [1mPRAGMA index_list("email_tracker_links")[0m
  [1m[35m (0.0ms)[0m  PRAGMA index_list("subscriptions")
Connecting to database specified by database.yml
  [1m[36m (0.2ms)[0m  [1mselect sqlite_version(*)[0m
  [1m[35m (1.8ms)[0m  CREATE TABLE "schema_migrations" ("version" varchar(255) NOT NULL) 
  [1m[36m (0.1ms)[0m  [1mPRAGMA index_list("schema_migrations")[0m
  [1m[35m (1.3ms)[0m  CREATE UNIQUE INDEX "unique_schema_migrations" ON "schema_migrations" ("version")
  [1m[36m (0.1ms)[0m  [1mSELECT "schema_migrations"."version" FROM "schema_migrations" [0m
Migrating to CreateEmailTrackerEmails (20120610201855)
  [1m[35m (0.0ms)[0m  begin transaction
  [1m[36m (0.8ms)[0m  [1mCREATE TABLE "email_tracker_emails" ("id" INTEGER PRIMARY KEY AUTOINCREMENT NOT NULL, "name" varchar(255), "description" text, "mailer" varchar(255) NOT NULL, "action" varchar(255) NOT NULL, "owner_type" varchar(255), "owner_id" integer, "hash_code" BIGINT NOT NULL, "created_at" datetime NOT NULL, "updated_at" datetime NOT NULL) [0m
  [1m[35m (0.2ms)[0m  INSERT INTO "schema_migrations" ("version") VALUES ('20120610201855')
  [1m[36m (1.6ms)[0m  [1mcommit transaction[0m
Migrating to CreateEmailTrackerEmailInstances (20120610202021)
  [1m[35m (0.1ms)[0m  begin transaction
  [1m[36m (0.6ms)[0m  [1mCREATE TABLE "email_tracker_email_instances" ("id" INTEGER PRIMARY KEY AUTOINCREMENT NOT NULL, "email_id" integer NOT NULL, "email_address" varchar(255) NOT NULL, "url_code" varchar(255) NOT NULL, "user_id" integer, "created_at" datetime NOT NULL, "updated_at" datetime NOT NULL, "opened_at" datetime) [0m
  [1m[35m (0.1ms)[0m  INSERT INTO "schema_migrations" ("version") VALUES ('20120610202021')
  [1m[36m (1.4ms)[0m  [1mcommit transaction[0m
Migrating to CreateEmailTrackerLinks (20120610202122)
  [1m[35m (0.4ms)[0m  begin transaction
  [1m[36m (0.4ms)[0m  [1mCREATE TABLE "email_tracker_links" ("id" INTEGER PRIMARY KEY AUTOINCREMENT NOT NULL, "url" varchar(255) NOT NULL, "num_clicks" integer DEFAULT 0 NOT NULL, "created_at" datetime NOT NULL, "updated_at" datetime NOT NULL) [0m
  [1m[35m (0.1ms)[0m  INSERT INTO "schema_migrations" ("version") VALUES ('20120610202122')
  [1m[36m (1.5ms)[0m  [1mcommit transaction[0m
Migrating to CreateEmailTrackerLinkInstances (20120610202149)
  [1m[35m (0.0ms)[0m  begin transaction
  [1m[36m (0.4ms)[0m  [1mCREATE TABLE "email_tracker_link_instances" ("id" INTEGER PRIMARY KEY AUTOINCREMENT NOT NULL, "link_id" integer NOT NULL, "email_instance_id" integer NOT NULL, "url_code" varchar(255) NOT NULL, "is_externally_viewable" boolean DEFAULT 'f' NOT NULL, "clicked_at" datetime) [0m
  [1m[35m (0.1ms)[0m  INSERT INTO "schema_migrations" ("version") VALUES ('20120610202149')
  [1m[36m (1.2ms)[0m  [1mcommit transaction[0m
Migrating to CreateSubscriptions (20120610205858)
  [1m[35m (0.0ms)[0m  begin transaction
  [1m[36m (0.5ms)[0m  [1mCREATE TABLE "subscriptions" ("id" INTEGER PRIMARY KEY AUTOINCREMENT NOT NULL) [0m
  [1m[35m (0.1ms)[0m  INSERT INTO "schema_migrations" ("version") VALUES ('20120610205858')
  [1m[36m (1.4ms)[0m  [1mcommit transaction[0m
  [1m[35m (0.4ms)[0m  select sqlite_version(*)
  [1m[36m (0.1ms)[0m  [1mSELECT "schema_migrations"."version" FROM "schema_migrations" [0m
  [1m[35m (0.0ms)[0m  PRAGMA index_list("email_tracker_email_instances")
  [1m[36m (0.0ms)[0m  [1mPRAGMA index_list("email_tracker_emails")[0m
  [1m[35m (0.0ms)[0m  PRAGMA index_list("email_tracker_link_instances")
  [1m[36m (0.0ms)[0m  [1mPRAGMA index_list("email_tracker_links")[0m
  [1m[35m (0.0ms)[0m  PRAGMA index_list("subscriptions")
Connecting to database specified by database.yml
  [1m[36m (0.2ms)[0m  [1mselect sqlite_version(*)[0m
  [1m[35m (1.8ms)[0m  CREATE TABLE "schema_migrations" ("version" varchar(255) NOT NULL) 
  [1m[36m (0.0ms)[0m  [1mPRAGMA index_list("schema_migrations")[0m
  [1m[35m (1.3ms)[0m  CREATE UNIQUE INDEX "unique_schema_migrations" ON "schema_migrations" ("version")
  [1m[36m (0.1ms)[0m  [1mSELECT "schema_migrations"."version" FROM "schema_migrations" [0m
Migrating to CreateSubscriptions (20120610205858)
  [1m[35m (0.0ms)[0m  begin transaction
  [1m[36m (0.9ms)[0m  [1mCREATE TABLE "subscriptions" ("id" INTEGER PRIMARY KEY AUTOINCREMENT NOT NULL) [0m
  [1m[35m (0.2ms)[0m  INSERT INTO "schema_migrations" ("version") VALUES ('20120610205858')
  [1m[36m (1.3ms)[0m  [1mcommit transaction[0m
  [1m[35m (0.4ms)[0m  select sqlite_version(*)
  [1m[36m (0.1ms)[0m  [1mSELECT "schema_migrations"."version" FROM "schema_migrations" [0m
  [1m[35m (0.0ms)[0m  PRAGMA index_list("subscriptions")
Connecting to database specified by database.yml
  [1m[36m (0.1ms)[0m  [1mSELECT "schema_migrations"."version" FROM "schema_migrations" [0m
  [1m[35m (0.2ms)[0m  select sqlite_version(*)
  [1m[36m (1.6ms)[0m  [1mCREATE TABLE "subscriptions" ("id" INTEGER PRIMARY KEY AUTOINCREMENT NOT NULL) [0m
  [1m[35m (1.9ms)[0m  CREATE TABLE "schema_migrations" ("version" varchar(255) NOT NULL) 
  [1m[36m (0.1ms)[0m  [1mPRAGMA index_list("schema_migrations")[0m
  [1m[35m (1.3ms)[0m  CREATE UNIQUE INDEX "unique_schema_migrations" ON "schema_migrations" ("version")
  [1m[36m (0.1ms)[0m  [1mSELECT version FROM "schema_migrations"[0m
  [1m[35m (1.4ms)[0m  INSERT INTO "schema_migrations" (version) VALUES ('20120610205858')
Connecting to database specified by database.yml
  [1m[36m (0.1ms)[0m  [1mselect sqlite_version(*)[0m
  [1m[35m (1.3ms)[0m  CREATE TABLE "schema_migrations" ("version" varchar(255) NOT NULL) 
  [1m[36m (0.0ms)[0m  [1mPRAGMA index_list("schema_migrations")[0m
  [1m[35m (1.5ms)[0m  CREATE UNIQUE INDEX "unique_schema_migrations" ON "schema_migrations" ("version")
  [1m[36m (0.1ms)[0m  [1mSELECT "schema_migrations"."version" FROM "schema_migrations" [0m
Migrating to CreateSubscriptions (20120610205858)
  [1m[35m (0.0ms)[0m  begin transaction
  [1m[36m (0.7ms)[0m  [1mCREATE TABLE "subscriptions" ("id" INTEGER PRIMARY KEY AUTOINCREMENT NOT NULL) [0m
  [1m[35m (0.2ms)[0m  INSERT INTO "schema_migrations" ("version") VALUES ('20120610205858')
  [1m[36m (1.2ms)[0m  [1mcommit transaction[0m
  [1m[35m (0.4ms)[0m  select sqlite_version(*)
  [1m[36m (0.1ms)[0m  [1mSELECT "schema_migrations"."version" FROM "schema_migrations" [0m
  [1m[35m (0.0ms)[0m  PRAGMA index_list("subscriptions")
Connecting to database specified by database.yml
  [1m[36m (0.1ms)[0m  [1mSELECT "schema_migrations"."version" FROM "schema_migrations" [0m
Migrating to CreateSubscriptions (20120610205858)
Migrating to CreateEmailTrackerEmails (20121109175851)
  [1m[35m (0.0ms)[0m  select sqlite_version(*)
  [1m[36m (0.0ms)[0m  [1mbegin transaction[0m
  [1m[35m (0.5ms)[0m  CREATE TABLE "email_tracker_emails" ("id" INTEGER PRIMARY KEY AUTOINCREMENT NOT NULL, "name" varchar(255), "description" text, "mailer" varchar(255) NOT NULL, "action" varchar(255) NOT NULL, "owner_type" varchar(255), "owner_id" integer, "hash_code" BIGINT NOT NULL, "created_at" datetime NOT NULL, "updated_at" datetime NOT NULL) 
  [1m[36m (0.0ms)[0m  [1mPRAGMA index_list("email_tracker_emails")[0m
  [1m[35m (0.1ms)[0m  CREATE INDEX "index_email_tracker_emails_on_hash_code" ON "email_tracker_emails" ("hash_code")
  [1m[36m (0.1ms)[0m  [1mINSERT INTO "schema_migrations" ("version") VALUES ('20121109175851')[0m
  [1m[35m (2.6ms)[0m  commit transaction
Migrating to CreateEmailTrackerEmailInstances (20121109175852)
  [1m[36m (0.0ms)[0m  [1mbegin transaction[0m
  [1m[35m (0.3ms)[0m  CREATE TABLE "email_tracker_email_instances" ("id" INTEGER PRIMARY KEY AUTOINCREMENT NOT NULL, "email_id" integer NOT NULL, "email_address" varchar(255) NOT NULL, "url_code" varchar(255) NOT NULL, "user_id" integer, "created_at" datetime NOT NULL, "updated_at" datetime NOT NULL, "opened_at" datetime) 
  [1m[36m (0.1ms)[0m  [1mINSERT INTO "schema_migrations" ("version") VALUES ('20121109175852')[0m
  [1m[35m (1.1ms)[0m  commit transaction
Migrating to CreateEmailTrackerLinks (20121109175853)
  [1m[36m (0.0ms)[0m  [1mbegin transaction[0m
  [1m[35m (0.4ms)[0m  CREATE TABLE "email_tracker_links" ("id" INTEGER PRIMARY KEY AUTOINCREMENT NOT NULL, "url" varchar(255) NOT NULL, "num_clicks" integer DEFAULT 0 NOT NULL, "created_at" datetime NOT NULL, "updated_at" datetime NOT NULL) 
  [1m[36m (0.1ms)[0m  [1mINSERT INTO "schema_migrations" ("version") VALUES ('20121109175853')[0m
  [1m[35m (1.9ms)[0m  commit transaction
Migrating to CreateEmailTrackerLinkInstances (20121109175854)
  [1m[36m (0.1ms)[0m  [1mbegin transaction[0m
  [1m[35m (0.4ms)[0m  CREATE TABLE "email_tracker_link_instances" ("id" INTEGER PRIMARY KEY AUTOINCREMENT NOT NULL, "link_id" integer NOT NULL, "email_instance_id" integer NOT NULL, "url_code" varchar(255) NOT NULL, "is_externally_viewable" boolean DEFAULT 'f' NOT NULL, "clicked_at" datetime) 
  [1m[36m (0.1ms)[0m  [1mINSERT INTO "schema_migrations" ("version") VALUES ('20121109175854')[0m
  [1m[35m (1.5ms)[0m  commit transaction
  [1m[36m (0.3ms)[0m  [1mselect sqlite_version(*)[0m
  [1m[35m (0.1ms)[0m  SELECT "schema_migrations"."version" FROM "schema_migrations" 
  [1m[36m (0.0ms)[0m  [1mPRAGMA index_list("email_tracker_email_instances")[0m
  [1m[35m (0.0ms)[0m  PRAGMA index_list("email_tracker_emails")
  [1m[36m (0.0ms)[0m  [1mPRAGMA index_info('index_email_tracker_emails_on_hash_code')[0m
  [1m[35m (0.0ms)[0m  PRAGMA index_list("email_tracker_link_instances")
  [1m[36m (0.0ms)[0m  [1mPRAGMA index_list("email_tracker_links")[0m
  [1m[35m (0.0ms)[0m  PRAGMA index_list("subscriptions")
Connecting to database specified by database.yml
  [1m[36m (0.1ms)[0m  [1mselect sqlite_version(*)[0m
  [1m[35m (1.1ms)[0m  CREATE TABLE "schema_migrations" ("version" varchar(255) NOT NULL) 
  [1m[36m (0.0ms)[0m  [1mPRAGMA index_list("schema_migrations")[0m
  [1m[35m (1.0ms)[0m  CREATE UNIQUE INDEX "unique_schema_migrations" ON "schema_migrations" ("version")
  [1m[36m (0.1ms)[0m  [1mSELECT "schema_migrations"."version" FROM "schema_migrations" [0m
Migrating to CreateEmailTrackerEmails (20120610201855)
  [1m[35m (0.0ms)[0m  begin transaction
  [1m[36m (0.5ms)[0m  [1mCREATE TABLE "email_tracker_emails" ("id" INTEGER PRIMARY KEY AUTOINCREMENT NOT NULL, "name" varchar(255), "description" text, "mailer" varchar(255) NOT NULL, "action" varchar(255) NOT NULL, "subject" varchar(255) DEFAULT '' NOT NULL, "string" varchar(255) DEFAULT '' NOT NULL, "times_sent" integer DEFAULT 0 NOT NULL, "integer" integer DEFAULT 0 NOT NULL, "owner_type" varchar(255), "owner_id" integer, "created_at" datetime NOT NULL, "updated_at" datetime NOT NULL) [0m
  [1m[35m (0.0ms)[0m  PRAGMA index_list("email_tracker_emails")
  [1m[36m (21.9ms)[0m  [1mCREATE INDEX "index_email_tracker_emails_on_hash_code" ON "email_tracker_emails" ("hash_code")[0m
SQLite3::SQLException: table email_tracker_emails has no column named hash_code: CREATE  INDEX "index_email_tracker_emails_on_hash_code" ON "email_tracker_emails" ("hash_code")
  [1m[35m (0.3ms)[0m  rollback transaction
Connecting to database specified by database.yml
  [1m[36m (0.1ms)[0m  [1mselect sqlite_version(*)[0m
  [1m[35m (66.9ms)[0m  CREATE TABLE "schema_migrations" ("version" varchar(255) NOT NULL) 
  [1m[36m (0.1ms)[0m  [1mPRAGMA index_list("schema_migrations")[0m
  [1m[35m (2.5ms)[0m  CREATE UNIQUE INDEX "unique_schema_migrations" ON "schema_migrations" ("version")
  [1m[36m (0.2ms)[0m  [1mSELECT "schema_migrations"."version" FROM "schema_migrations" [0m
Migrating to CreateEmailTrackerEmails (20120610201855)
  [1m[35m (0.1ms)[0m  begin transaction
  [1m[36m (0.6ms)[0m  [1mCREATE TABLE "email_tracker_emails" ("id" INTEGER PRIMARY KEY AUTOINCREMENT NOT NULL, "name" varchar(255), "description" text, "mailer" varchar(255) NOT NULL, "action" varchar(255) NOT NULL, "subject" varchar(255) DEFAULT '' NOT NULL, "string" varchar(255) DEFAULT '' NOT NULL, "times_sent" integer DEFAULT 0 NOT NULL, "integer" integer DEFAULT 0 NOT NULL, "owner_type" varchar(255), "owner_id" integer, "created_at" datetime NOT NULL, "updated_at" datetime NOT NULL) [0m
  [1m[35m (0.1ms)[0m  INSERT INTO "schema_migrations" ("version") VALUES ('20120610201855')
  [1m[36m (2.7ms)[0m  [1mcommit transaction[0m
Migrating to CreateEmailTrackerEmailOpens (20120610202021)
  [1m[35m (0.0ms)[0m  begin transaction
  [1m[36m (0.7ms)[0m  [1mCREATE TABLE "email_tracker_email_instances" ("id" INTEGER PRIMARY KEY AUTOINCREMENT NOT NULL, "email_id" integer NOT NULL, "user_id" integer, "created_at" datetime) [0m
  [1m[35m (0.1ms)[0m  INSERT INTO "schema_migrations" ("version") VALUES ('20120610202021')
  [1m[36m (1.6ms)[0m  [1mcommit transaction[0m
Migrating to CreateEmailTrackerLinkClicks (20120610202122)
  [1m[35m (0.0ms)[0m  begin transaction
  [1m[36m (0.0ms)[0m  [1mrollback transaction[0m
Connecting to database specified by database.yml
  [1m[36m (0.1ms)[0m  [1mselect sqlite_version(*)[0m
  [1m[35m (2.7ms)[0m  CREATE TABLE "schema_migrations" ("version" varchar(255) NOT NULL) 
  [1m[36m (0.0ms)[0m  [1mPRAGMA index_list("schema_migrations")[0m
  [1m[35m (1.4ms)[0m  CREATE UNIQUE INDEX "unique_schema_migrations" ON "schema_migrations" ("version")
  [1m[36m (0.1ms)[0m  [1mSELECT "schema_migrations"."version" FROM "schema_migrations" [0m
Migrating to CreateEmailTrackerEmails (20120610201855)
  [1m[35m (0.0ms)[0m  begin transaction
  [1m[36m (0.5ms)[0m  [1mCREATE TABLE "email_tracker_emails" ("id" INTEGER PRIMARY KEY AUTOINCREMENT NOT NULL, "name" varchar(255), "description" text, "mailer" varchar(255) NOT NULL, "action" varchar(255) NOT NULL, "subject" varchar(255) DEFAULT '' NOT NULL, "string" varchar(255) DEFAULT '' NOT NULL, "times_sent" integer DEFAULT 0 NOT NULL, "integer" integer DEFAULT 0 NOT NULL, "owner_type" varchar(255), "owner_id" integer, "created_at" datetime NOT NULL, "updated_at" datetime NOT NULL) [0m
  [1m[35m (0.1ms)[0m  INSERT INTO "schema_migrations" ("version") VALUES ('20120610201855')
  [1m[36m (1.5ms)[0m  [1mcommit transaction[0m
Migrating to CreateEmailTrackerEmailOpens (20120610202021)
  [1m[35m (0.0ms)[0m  begin transaction
  [1m[36m (0.3ms)[0m  [1mCREATE TABLE "email_tracker_email_instances" ("id" INTEGER PRIMARY KEY AUTOINCREMENT NOT NULL, "email_id" integer NOT NULL, "user_id" integer, "created_at" datetime) [0m
  [1m[35m (0.1ms)[0m  INSERT INTO "schema_migrations" ("version") VALUES ('20120610202021')
  [1m[36m (1.7ms)[0m  [1mcommit transaction[0m
Migrating to CreateEmailTrackerLinkClicks (20120610202122)
  [1m[35m (0.0ms)[0m  begin transaction
  [1m[36m (0.3ms)[0m  [1mCREATE TABLE "email_tracker_links" ("id" INTEGER PRIMARY KEY AUTOINCREMENT NOT NULL, "url" varchar(255) NOT NULL, "email_id" integer NOT NULL, "user_id" integer, "created_at" datetime) [0m
  [1m[35m (0.1ms)[0m  INSERT INTO "schema_migrations" ("version") VALUES ('20120610202122')
  [1m[36m (1.5ms)[0m  [1mcommit transaction[0m
Migrating to CreateSubscriptions (20120610205858)
  [1m[35m (0.0ms)[0m  begin transaction
  [1m[36m (0.5ms)[0m  [1mCREATE TABLE "subscriptions" ("id" INTEGER PRIMARY KEY AUTOINCREMENT NOT NULL) [0m
  [1m[35m (0.1ms)[0m  INSERT INTO "schema_migrations" ("version") VALUES ('20120610205858')
  [1m[36m (1.3ms)[0m  [1mcommit transaction[0m
  [1m[35m (0.5ms)[0m  select sqlite_version(*)
  [1m[36m (0.2ms)[0m  [1mSELECT "schema_migrations"."version" FROM "schema_migrations" [0m
  [1m[35m (0.0ms)[0m  PRAGMA index_list("email_tracker_email_instances")
  [1m[36m (0.0ms)[0m  [1mPRAGMA index_list("email_tracker_emails")[0m
  [1m[35m (0.0ms)[0m  PRAGMA index_list("email_tracker_links")
  [1m[36m (0.0ms)[0m  [1mPRAGMA index_list("subscriptions")[0m
Connecting to database specified by database.yml
  [1m[36m (0.2ms)[0m  [1mselect sqlite_version(*)[0m
  [1m[35m (2.0ms)[0m  CREATE TABLE "schema_migrations" ("version" varchar(255) NOT NULL) 
  [1m[36m (1.4ms)[0m  [1mCREATE UNIQUE INDEX "unique_schema_migrations" ON "schema_migrations" ("version")[0m
  [1m[35m (0.1ms)[0m  SELECT "schema_migrations"."version" FROM "schema_migrations" 
Migrating to CreateSubscriptions (20120610205858)
  [1m[36m (0.0ms)[0m  [1mbegin transaction[0m
  [1m[35m (0.8ms)[0m  CREATE TABLE "subscriptions" ("id" INTEGER PRIMARY KEY AUTOINCREMENT NOT NULL) 
  [1m[36m (0.2ms)[0m  [1mINSERT INTO "schema_migrations" ("version") VALUES ('20120610205858')[0m
  [1m[35m (1.6ms)[0m  commit transaction
  [1m[36m (0.1ms)[0m  [1mSELECT "schema_migrations"."version" FROM "schema_migrations" [0m
Connecting to database specified by database.yml
  [1m[36m (0.1ms)[0m  [1mSELECT "schema_migrations"."version" FROM "schema_migrations" [0m
Migrating to CreateSubscriptions (20120610205858)
  [1m[35m (0.1ms)[0m  select sqlite_version(*)
  [1m[36m (0.1ms)[0m  [1mSELECT "schema_migrations"."version" FROM "schema_migrations" [0m
Connecting to database specified by database.yml
DEPRECATION WARNING: ActiveSupport::Base64.encode64 is deprecated. Use Base64.encode64 instead. (called from irb_binding at (irb):2)
DEPRECATION WARNING: ActiveSupport::Base64.decode64 is deprecated. Use Base64.decode64 instead. (called from irb_binding at (irb):3)
DEPRECATION WARNING: ActiveSupport::Base64.decode64 is deprecated. Use Base64.decode64 instead. (called from irb_binding at (irb):4)
DEPRECATION WARNING: ActiveSupport::Base64.decode64 is deprecated. Use Base64.decode64 instead. (called from irb_binding at (irb):5)
DEPRECATION WARNING: ActiveSupport::Base64.encode64 is deprecated. Use Base64.encode64 instead. (called from irb_binding at (irb):7)
Connecting to database specified by database.yml
  [1m[36m (1.8ms)[0m  [1mselect sqlite_version(*)[0m
  [1m[35m (3.1ms)[0m  CREATE TABLE "email_tracker_email_instances" ("id" INTEGER PRIMARY KEY AUTOINCREMENT NOT NULL, "email_id" integer NOT NULL, "user_id" integer, "created_at" datetime) 
  [1m[36m (1.2ms)[0m  [1mCREATE TABLE "email_tracker_emails" ("id" INTEGER PRIMARY KEY AUTOINCREMENT NOT NULL, "name" varchar(255), "description" text, "mailer" varchar(255) NOT NULL, "action" varchar(255) NOT NULL, "subject" varchar(255) DEFAULT '' NOT NULL, "string" varchar(255) DEFAULT '' NOT NULL, "times_sent" integer DEFAULT 0 NOT NULL, "integer" integer DEFAULT 0 NOT NULL, "owner_type" varchar(255), "owner_id" integer, "created_at" datetime NOT NULL, "updated_at" datetime NOT NULL) [0m
  [1m[35m (1.3ms)[0m  CREATE TABLE "email_tracker_links" ("id" INTEGER PRIMARY KEY AUTOINCREMENT NOT NULL, "url" varchar(255) NOT NULL, "email_id" integer NOT NULL, "user_id" integer, "created_at" datetime) 
  [1m[36m (18.8ms)[0m  [1mCREATE TABLE "subscriptions" ("id" INTEGER PRIMARY KEY AUTOINCREMENT NOT NULL) [0m
  [1m[35m (1.1ms)[0m  CREATE TABLE "schema_migrations" ("version" varchar(255) NOT NULL) 
  [1m[36m (1.1ms)[0m  [1mCREATE UNIQUE INDEX "unique_schema_migrations" ON "schema_migrations" ("version")[0m
  [1m[35m (0.1ms)[0m  SELECT version FROM "schema_migrations"
  [1m[36m (1.0ms)[0m  [1mINSERT INTO "schema_migrations" (version) VALUES ('20120610205858')[0m
  [1m[35m (1.4ms)[0m  INSERT INTO "schema_migrations" (version) VALUES ('20120610201855')
  [1m[36m (1.1ms)[0m  [1mINSERT INTO "schema_migrations" (version) VALUES ('20120610202021')[0m
  [1m[35m (1.0ms)[0m  INSERT INTO "schema_migrations" (version) VALUES ('20120610202122')
  [1m[36m (0.1ms)[0m  [1mSELECT "schema_migrations"."version" FROM "schema_migrations" [0m
Connecting to database specified by database.yml
  [1m[36m (1.8ms)[0m  [1mselect sqlite_version(*)[0m
  [1m[35m (2.8ms)[0m  CREATE TABLE "email_tracker_email_instances" ("id" INTEGER PRIMARY KEY AUTOINCREMENT NOT NULL, "email_id" integer NOT NULL, "user_id" integer, "created_at" datetime) 
  [1m[36m (1.4ms)[0m  [1mCREATE TABLE "email_tracker_emails" ("id" INTEGER PRIMARY KEY AUTOINCREMENT NOT NULL, "name" varchar(255), "description" text, "mailer" varchar(255) NOT NULL, "action" varchar(255) NOT NULL, "subject" varchar(255) DEFAULT '' NOT NULL, "string" varchar(255) DEFAULT '' NOT NULL, "times_sent" integer DEFAULT 0 NOT NULL, "integer" integer DEFAULT 0 NOT NULL, "owner_type" varchar(255), "owner_id" integer, "created_at" datetime NOT NULL, "updated_at" datetime NOT NULL) [0m
  [1m[35m (1.0ms)[0m  CREATE TABLE "email_tracker_links" ("id" INTEGER PRIMARY KEY AUTOINCREMENT NOT NULL, "url" varchar(255) NOT NULL, "email_id" integer NOT NULL, "user_id" integer, "created_at" datetime) 
  [1m[36m (0.9ms)[0m  [1mCREATE TABLE "subscriptions" ("id" INTEGER PRIMARY KEY AUTOINCREMENT NOT NULL) [0m
  [1m[35m (1.0ms)[0m  CREATE TABLE "schema_migrations" ("version" varchar(255) NOT NULL) 
  [1m[36m (0.9ms)[0m  [1mCREATE UNIQUE INDEX "unique_schema_migrations" ON "schema_migrations" ("version")[0m
  [1m[35m (0.1ms)[0m  SELECT version FROM "schema_migrations"
  [1m[36m (1.3ms)[0m  [1mINSERT INTO "schema_migrations" (version) VALUES ('20120610205858')[0m
  [1m[35m (0.1ms)[0m  SELECT "schema_migrations"."version" FROM "schema_migrations" 
Connecting to database specified by database.yml
  [1m[36m (1.7ms)[0m  [1mselect sqlite_version(*)[0m
  [1m[35m (2.8ms)[0m  CREATE TABLE "email_tracker_email_instances" ("id" INTEGER PRIMARY KEY AUTOINCREMENT NOT NULL, "email_id" integer NOT NULL, "user_id" integer, "created_at" datetime) 
  [1m[36m (1.3ms)[0m  [1mCREATE TABLE "email_tracker_emails" ("id" INTEGER PRIMARY KEY AUTOINCREMENT NOT NULL, "name" varchar(255), "description" text, "mailer" varchar(255) NOT NULL, "action" varchar(255) NOT NULL, "subject" varchar(255) DEFAULT '' NOT NULL, "string" varchar(255) DEFAULT '' NOT NULL, "times_sent" integer DEFAULT 0 NOT NULL, "integer" integer DEFAULT 0 NOT NULL, "owner_type" varchar(255), "owner_id" integer, "created_at" datetime NOT NULL, "updated_at" datetime NOT NULL) [0m
  [1m[35m (2.0ms)[0m  CREATE TABLE "email_tracker_links" ("id" INTEGER PRIMARY KEY AUTOINCREMENT NOT NULL, "url" varchar(255) NOT NULL, "email_id" integer NOT NULL, "user_id" integer, "created_at" datetime) 
  [1m[36m (1.0ms)[0m  [1mCREATE TABLE "subscriptions" ("id" INTEGER PRIMARY KEY AUTOINCREMENT NOT NULL) [0m
  [1m[35m (1.2ms)[0m  CREATE TABLE "schema_migrations" ("version" varchar(255) NOT NULL) 
  [1m[36m (1.1ms)[0m  [1mCREATE UNIQUE INDEX "unique_schema_migrations" ON "schema_migrations" ("version")[0m
  [1m[35m (0.1ms)[0m  SELECT version FROM "schema_migrations"
  [1m[36m (1.4ms)[0m  [1mINSERT INTO "schema_migrations" (version) VALUES ('20120610205858')[0m
  [1m[35m (1.4ms)[0m  INSERT INTO "schema_migrations" (version) VALUES ('20120610201855')
  [1m[36m (0.9ms)[0m  [1mINSERT INTO "schema_migrations" (version) VALUES ('20120610202021')[0m
  [1m[35m (0.9ms)[0m  INSERT INTO "schema_migrations" (version) VALUES ('20120610202122')
  [1m[36m (0.1ms)[0m  [1mSELECT "schema_migrations"."version" FROM "schema_migrations" [0m
Connecting to database specified by database.yml
  [1m[36m (0.1ms)[0m  [1mselect sqlite_version(*)[0m
  [1m[35m (2.3ms)[0m  CREATE TABLE "schema_migrations" ("version" varchar(255) NOT NULL) 
  [1m[36m (1.1ms)[0m  [1mCREATE UNIQUE INDEX "unique_schema_migrations" ON "schema_migrations" ("version")[0m
  [1m[35m (0.1ms)[0m  SELECT "schema_migrations"."version" FROM "schema_migrations" 
Migrating to CreateEmailTrackerEmails (20120610201855)
  [1m[36m (0.0ms)[0m  [1mbegin transaction[0m
  [1m[35m (0.4ms)[0m  CREATE TABLE "email_tracker_emails" ("id" INTEGER PRIMARY KEY AUTOINCREMENT NOT NULL, "mailer" varchar(255) NOT NULL, "action" varchar(255) NOT NULL, "subject" varchar(255) DEFAULT '' NOT NULL, "string" varchar(255) DEFAULT '' NOT NULL, "times_sent" integer DEFAULT 0 NOT NULL, "integer" integer DEFAULT 0 NOT NULL, "owner_type" varchar(255), "owner_id" integer, "created_at" datetime NOT NULL, "updated_at" datetime NOT NULL) 
  [1m[36m (0.1ms)[0m  [1mINSERT INTO "schema_migrations" ("version") VALUES ('20120610201855')[0m
  [1m[35m (1.8ms)[0m  commit transaction
Migrating to CreateEmailTrackerEmailOpens (20120610202021)
  [1m[36m (0.0ms)[0m  [1mbegin transaction[0m
  [1m[35m (0.3ms)[0m  CREATE TABLE "email_tracker_email_opens" ("id" INTEGER PRIMARY KEY AUTOINCREMENT NOT NULL, "email_id" integer NOT NULL, "user_address" varchar(255) NOT NULL, "user_id" integer, "created_at" datetime NOT NULL) 
  [1m[36m (0.1ms)[0m  [1mINSERT INTO "schema_migrations" ("version") VALUES ('20120610202021')[0m
  [1m[35m (1.6ms)[0m  commit transaction
Migrating to CreateEmailTrackerLinkClicks (20120610202122)
  [1m[36m (0.0ms)[0m  [1mbegin transaction[0m
  [1m[35m (0.3ms)[0m  CREATE TABLE "email_tracker_link_clicks" ("id" INTEGER PRIMARY KEY AUTOINCREMENT NOT NULL, "email_id" integer NOT NULL, "user_address" varchar(255) NOT NULL, "url" varchar(255) NOT NULL, "user_id" integer, "created_at" datetime NOT NULL) 
  [1m[36m (0.1ms)[0m  [1mINSERT INTO "schema_migrations" ("version") VALUES ('20120610202122')[0m
  [1m[35m (1.9ms)[0m  commit transaction
Migrating to CreateSubscriptions (20120610205858)
  [1m[36m (0.0ms)[0m  [1mbegin transaction[0m
  [1m[35m (0.4ms)[0m  CREATE TABLE "subscriptions" ("id" INTEGER PRIMARY KEY AUTOINCREMENT NOT NULL) 
  [1m[36m (0.1ms)[0m  [1mINSERT INTO "schema_migrations" ("version") VALUES ('20120610205858')[0m
  [1m[35m (1.6ms)[0m  commit transaction
  [1m[36m (0.1ms)[0m  [1mSELECT "schema_migrations"."version" FROM "schema_migrations" [0m
Connecting to database specified by database.yml
  [1m[36m (0.1ms)[0m  [1mselect sqlite_version(*)[0m
  [1m[35m (3.1ms)[0m  CREATE TABLE "schema_migrations" ("version" varchar(255) NOT NULL) 
  [1m[36m (1.7ms)[0m  [1mCREATE UNIQUE INDEX "unique_schema_migrations" ON "schema_migrations" ("version")[0m
  [1m[35m (0.1ms)[0m  SELECT "schema_migrations"."version" FROM "schema_migrations" 
Migrating to CreateEmailTrackerEmails (20120610201855)
  [1m[36m (0.0ms)[0m  [1mbegin transaction[0m
  [1m[35m (0.4ms)[0m  CREATE TABLE "email_tracker_emails" ("id" INTEGER PRIMARY KEY AUTOINCREMENT NOT NULL, "mailer" varchar(255) NOT NULL, "action" varchar(255) NOT NULL, "subject" varchar(255) DEFAULT '' NOT NULL, "string" varchar(255) DEFAULT '' NOT NULL, "times_sent" integer DEFAULT 0 NOT NULL, "integer" integer DEFAULT 0 NOT NULL, "owner_type" varchar(255), "owner_id" integer, "created_at" datetime NOT NULL, "updated_at" datetime NOT NULL) 
  [1m[36m (0.1ms)[0m  [1mINSERT INTO "schema_migrations" ("version") VALUES ('20120610201855')[0m
  [1m[35m (1.6ms)[0m  commit transaction
Migrating to CreateEmailTrackerEmailOpens (20120610202021)
  [1m[36m (0.0ms)[0m  [1mbegin transaction[0m
  [1m[35m (0.3ms)[0m  CREATE TABLE "email_tracker_email_opens" ("id" INTEGER PRIMARY KEY AUTOINCREMENT NOT NULL, "email_id" integer NOT NULL, "email_address" varchar(255) NOT NULL, "user_id" integer, "created_at" datetime NOT NULL) 
  [1m[36m (0.1ms)[0m  [1mINSERT INTO "schema_migrations" ("version") VALUES ('20120610202021')[0m
  [1m[35m (1.2ms)[0m  commit transaction
Migrating to CreateEmailTrackerLinkClicks (20120610202122)
  [1m[36m (0.0ms)[0m  [1mbegin transaction[0m
  [1m[35m (0.3ms)[0m  CREATE TABLE "email_tracker_link_clicks" ("id" INTEGER PRIMARY KEY AUTOINCREMENT NOT NULL, "email_id" integer NOT NULL, "user_address" varchar(255) NOT NULL, "url" varchar(255) NOT NULL, "user_id" integer, "created_at" datetime NOT NULL) 
  [1m[36m (0.1ms)[0m  [1mINSERT INTO "schema_migrations" ("version") VALUES ('20120610202122')[0m
  [1m[35m (1.6ms)[0m  commit transaction
Migrating to CreateSubscriptions (20120610205858)
  [1m[36m (0.0ms)[0m  [1mbegin transaction[0m
  [1m[35m (0.3ms)[0m  CREATE TABLE "subscriptions" ("id" INTEGER PRIMARY KEY AUTOINCREMENT NOT NULL) 
  [1m[36m (0.2ms)[0m  [1mINSERT INTO "schema_migrations" ("version") VALUES ('20120610205858')[0m
  [1m[35m (1.0ms)[0m  commit transaction
  [1m[36m (0.1ms)[0m  [1mSELECT "schema_migrations"."version" FROM "schema_migrations" [0m
